<?xml version="1.0" encoding="UTF-8"?>
<!-- Generated by org.testng.reporters.JUnitReportReporter -->
<testsuite hostname="PHYUPHWAY" failures="0" tests="2" name="annotations.AnnotationTest" time="0.005" errors="0" timestamp="2020-11-26T22:43:57 MMT" skipped="0">
  <testcase classname="annotations.AnnotationTest" name="login" time="0.002"/>
  <system-out/>
  <testcase classname="annotations.AnnotationTest" name="searchProduct" time="0.003"/>
  <system-out/>
</testsuite> <!-- annotations.AnnotationTest -->
