<?xml version="1.0" encoding="UTF-8"?>
<!-- Generated by org.testng.reporters.JUnitReportReporter -->
<testsuite hostname="PHYUPHWAY" failures="0" tests="3" name="demo_project.DemoProjectTest" time="15.483" errors="0" timestamp="2020-11-26T22:43:57 MMT" skipped="0">
  <testcase classname="demo_project.DemoProjectTest" name="signIn" time="7.818"/>
  <system-out/>
  <testcase classname="demo_project.DemoProjectTest" name="searchProduct" time="4.656"/>
  <system-out/>
  <testcase classname="demo_project.DemoProjectTest" name="signOut" time="3.009"/>
  <system-out/>
</testsuite> <!-- demo_project.DemoProjectTest -->
