<?xml version="1.0" encoding="UTF-8"?>
<!-- Generated by org.testng.reporters.JUnitReportReporter -->
<testsuite hostname="PHYUPHWAY" failures="0" tests="6" name="priority.PriorityTest" time="0.007" errors="0" timestamp="2020-11-26T22:43:57 MMT" skipped="0">
  <testcase classname="priority.PriorityTest" name="signIn" time="0.001"/>
  <system-out/>
  <testcase classname="priority.PriorityTest" name="searchDress" time="0.001"/>
  <system-out/>
  <testcase classname="priority.PriorityTest" name="addToCart" time="0.001"/>
  <system-out/>
  <testcase classname="priority.PriorityTest" name="makePayment" time="0.002"/>
  <system-out/>
  <testcase classname="priority.PriorityTest" name="paymentHistory" time="0.001"/>
  <system-out/>
  <testcase classname="priority.PriorityTest" name="signOut" time="0.001"/>
  <system-out/>
</testsuite> <!-- priority.PriorityTest -->
