<?xml version="1.0" encoding="UTF-8"?>
<!-- Generated by org.testng.reporters.JUnitReportReporter -->
<testsuite hostname="PHYUPHWAY" failures="0" tests="1" name="assertions.AssertionTest" time="57.509" errors="0" timestamp="2020-11-26T22:43:57 MMT" skipped="0">
  <testcase classname="assertions.AssertionTest" name="testPageNameVerification" time="57.509"/>
  <system-out/>
</testsuite> <!-- assertions.AssertionTest -->
