<?xml version="1.0" encoding="UTF-8"?>
<!-- Generated by org.testng.reporters.JUnitReportReporter -->
<testsuite hostname="PHYUPHWAY" failures="0" tests="3" name="group.DependsOnGroupTest" time="0.004" errors="0" timestamp="2020-11-26T22:43:57 MMT" skipped="0">
  <testcase classname="group.DependsOnGroupTest" name="test3" time="0.001"/>
  <system-out/>
  <testcase classname="group.DependsOnGroupTest" name="test1_smoke" time="0.001"/>
  <system-out/>
  <testcase classname="group.DependsOnGroupTest" name="test2_qa_regression" time="0.002"/>
  <system-out/>
</testsuite> <!-- group.DependsOnGroupTest -->
